2019-11-13 23:46:58,473 INFO org.springframework.boot.StartupInfoLogger [restartedMain] Starting InventoryManegementApplication on DESKTOP-LQ0V63B with PID 5828 (E:\java\WorkSpace\inventor_manegement\inventor_manegament\inventory_manegement\target\classes started by PHAN DAT in E:\java\WorkSpace\inventor_manegement\inventor_manegament\inventory_manegement)
2019-11-13 23:46:58,478 INFO org.springframework.boot.SpringApplication [restartedMain] No active profile set, falling back to default profiles: default
2019-11-13 23:46:58,584 INFO org.springframework.boot.logging.DeferredLog [restartedMain] Devtools property defaults active! Set 'spring.devtools.add-properties' to 'false' to disable
2019-11-13 23:46:58,584 INFO org.springframework.boot.logging.DeferredLog [restartedMain] For additional web related logging consider setting the 'logging.level.web' property to 'DEBUG'
2019-11-13 23:47:00,378 INFO org.springframework.data.repository.config.RepositoryConfigurationDelegate [restartedMain] Bootstrapping Spring Data repositories in DEFAULT mode.
2019-11-13 23:47:00,410 INFO org.springframework.data.repository.config.RepositoryConfigurationDelegate [restartedMain] Finished Spring Data repository scanning in 17ms. Found 0 repository interfaces.
2019-11-13 23:47:01,708 INFO org.springframework.context.support.PostProcessorRegistrationDelegate$BeanPostProcessorChecker [restartedMain] Bean 'org.springframework.transaction.annotation.ProxyTransactionManagementConfiguration' of type [org.springframework.transaction.annotation.ProxyTransactionManagementConfiguration$$EnhancerBySpringCGLIB$$e1f589de] is not eligible for getting processed by all BeanPostProcessors (for example: not eligible for auto-proxying)
2019-11-13 23:47:03,077 INFO org.springframework.boot.web.embedded.tomcat.TomcatWebServer [restartedMain] Tomcat initialized with port(s): 9090 (http)
2019-11-13 23:47:03,112 INFO org.apache.juli.logging.DirectJDKLog [restartedMain] Initializing ProtocolHandler ["http-nio-9090"]
2019-11-13 23:47:03,165 INFO org.apache.juli.logging.DirectJDKLog [restartedMain] Starting service [Tomcat]
2019-11-13 23:47:03,167 INFO org.apache.juli.logging.DirectJDKLog [restartedMain] Starting Servlet engine: [Apache Tomcat/9.0.17]
2019-11-13 23:47:04,004 INFO org.apache.juli.logging.DirectJDKLog [restartedMain] At least one JAR was scanned for TLDs yet contained no TLDs. Enable debug logging for this logger for a complete list of JARs that were scanned but no TLDs were found in them. Skipping unneeded JARs during scanning can improve startup time and JSP compilation time.
2019-11-13 23:47:04,017 INFO org.apache.juli.logging.DirectJDKLog [restartedMain] Initializing Spring embedded WebApplicationContext
2019-11-13 23:47:04,018 INFO org.springframework.boot.web.servlet.context.ServletWebServerApplicationContext [restartedMain] Root WebApplicationContext: initialization completed in 5410 ms
2019-11-13 23:47:04,403 INFO com.zaxxer.hikari.HikariDataSource [restartedMain] HikariPool-1 - Starting...
2019-11-13 23:47:05,317 INFO com.zaxxer.hikari.HikariDataSource [restartedMain] HikariPool-1 - Start completed.
2019-11-13 23:47:05,543 INFO org.hibernate.jpa.internal.util.LogHelper [restartedMain] HHH000204: Processing PersistenceUnitInfo [
	name: default
	...]
2019-11-13 23:47:05,875 INFO org.hibernate.Version [restartedMain] HHH000412: Hibernate Core {5.3.9.Final}
2019-11-13 23:47:05,893 INFO org.hibernate.cfg.Environment [restartedMain] HHH000206: hibernate.properties not found
2019-11-13 23:47:06,347 INFO org.hibernate.annotations.common.reflection.java.JavaReflectionManager [restartedMain] HCANN000001: Hibernate Commons Annotations {5.0.4.Final}
2019-11-13 23:47:06,737 INFO org.hibernate.dialect.Dialect [restartedMain] HHH000400: Using dialect: org.hibernate.dialect.MySQL8Dialect
2019-11-13 23:47:07,953 INFO org.springframework.orm.jpa.AbstractEntityManagerFactoryBean [restartedMain] Initialized JPA EntityManagerFactory for persistence unit 'default'
2019-11-13 23:47:08,014 INFO org.springframework.boot.devtools.autoconfigure.OptionalLiveReloadServer [restartedMain] LiveReload server is running on port 35729
2019-11-13 23:47:08,266 WARN org.springframework.boot.autoconfigure.orm.jpa.JpaBaseConfiguration$JpaWebConfiguration$JpaWebMvcConfiguration [restartedMain] spring.jpa.open-in-view is enabled by default. Therefore, database queries may be performed during view rendering. Explicitly configure spring.jpa.open-in-view to disable this warning
2019-11-13 23:47:09,923 INFO org.springframework.boot.autoconfigure.security.servlet.UserDetailsServiceAutoConfiguration [restartedMain] 

Using generated security password: 2a161f12-52b1-4962-a005-8d0031905d26

2019-11-13 23:47:10,340 INFO org.springframework.security.web.DefaultSecurityFilterChain [restartedMain] Creating filter chain: any request, [org.springframework.security.web.context.request.async.WebAsyncManagerIntegrationFilter@22263474, org.springframework.security.web.context.SecurityContextPersistenceFilter@b6e6468, org.springframework.security.web.header.HeaderWriterFilter@e063fc4, org.springframework.security.web.csrf.CsrfFilter@3a51e5c2, org.springframework.security.web.authentication.logout.LogoutFilter@3f5834f5, org.springframework.security.web.authentication.UsernamePasswordAuthenticationFilter@310ed3c9, org.springframework.security.web.authentication.ui.DefaultLoginPageGeneratingFilter@1cb941ae, org.springframework.security.web.authentication.ui.DefaultLogoutPageGeneratingFilter@53045ef1, org.springframework.security.web.authentication.www.BasicAuthenticationFilter@495bb4d4, org.springframework.security.web.savedrequest.RequestCacheAwareFilter@349b7857, org.springframework.security.web.servletapi.SecurityContextHolderAwareRequestFilter@37d37e47, org.springframework.security.web.authentication.AnonymousAuthenticationFilter@7949cd34, org.springframework.security.web.session.SessionManagementFilter@479cc508, org.springframework.security.web.access.ExceptionTranslationFilter@2cf58253, org.springframework.security.web.access.intercept.FilterSecurityInterceptor@40c723b7]
2019-11-13 23:47:10,596 INFO org.apache.juli.logging.DirectJDKLog [restartedMain] Starting ProtocolHandler ["http-nio-9090"]
2019-11-13 23:47:10,817 INFO org.springframework.boot.web.embedded.tomcat.TomcatWebServer [restartedMain] Tomcat started on port(s): 9090 (http) with context path ''
2019-11-13 23:47:10,826 INFO org.springframework.boot.StartupInfoLogger [restartedMain] Started InventoryManegementApplication in 13.319 seconds (JVM running for 14.169)
2019-11-13 23:47:14,003 INFO org.springframework.orm.jpa.AbstractEntityManagerFactoryBean [Thread-5] Closing JPA EntityManagerFactory for persistence unit 'default'
2019-11-13 23:47:14,004 INFO com.zaxxer.hikari.HikariDataSource [Thread-5] HikariPool-1 - Shutdown initiated...
2019-11-13 23:47:14,038 INFO com.zaxxer.hikari.HikariDataSource [Thread-5] HikariPool-1 - Shutdown completed.
2019-11-13 23:47:14,667 INFO org.springframework.boot.StartupInfoLogger [restartedMain] Starting InventoryManegementApplication on DESKTOP-LQ0V63B with PID 5828 (E:\java\WorkSpace\inventor_manegement\inventor_manegament\inventory_manegement\target\classes started by PHAN DAT in E:\java\WorkSpace\inventor_manegement\inventor_manegament\inventory_manegement)
2019-11-13 23:47:14,667 INFO org.springframework.boot.SpringApplication [restartedMain] No active profile set, falling back to default profiles: default
2019-11-13 23:47:15,302 INFO org.springframework.data.repository.config.RepositoryConfigurationDelegate [restartedMain] Bootstrapping Spring Data repositories in DEFAULT mode.
2019-11-13 23:47:15,306 INFO org.springframework.data.repository.config.RepositoryConfigurationDelegate [restartedMain] Finished Spring Data repository scanning in 3ms. Found 0 repository interfaces.
2019-11-13 23:47:15,570 INFO org.springframework.context.support.PostProcessorRegistrationDelegate$BeanPostProcessorChecker [restartedMain] Bean 'org.springframework.transaction.annotation.ProxyTransactionManagementConfiguration' of type [org.springframework.transaction.annotation.ProxyTransactionManagementConfiguration$$EnhancerBySpringCGLIB$$e1f589de] is not eligible for getting processed by all BeanPostProcessors (for example: not eligible for auto-proxying)
2019-11-13 23:47:15,818 INFO org.springframework.boot.web.embedded.tomcat.TomcatWebServer [restartedMain] Tomcat initialized with port(s): 9090 (http)
2019-11-13 23:47:15,823 INFO org.apache.juli.logging.DirectJDKLog [restartedMain] Initializing ProtocolHandler ["http-nio-9090"]
2019-11-13 23:47:15,823 INFO org.apache.juli.logging.DirectJDKLog [restartedMain] Starting service [Tomcat]
2019-11-13 23:47:15,824 INFO org.apache.juli.logging.DirectJDKLog [restartedMain] Starting Servlet engine: [Apache Tomcat/9.0.17]
2019-11-13 23:47:16,069 INFO org.apache.juli.logging.DirectJDKLog [restartedMain] At least one JAR was scanned for TLDs yet contained no TLDs. Enable debug logging for this logger for a complete list of JARs that were scanned but no TLDs were found in them. Skipping unneeded JARs during scanning can improve startup time and JSP compilation time.
2019-11-13 23:47:16,075 INFO org.apache.juli.logging.DirectJDKLog [restartedMain] Initializing Spring embedded WebApplicationContext
2019-11-13 23:47:16,075 INFO org.springframework.boot.web.servlet.context.ServletWebServerApplicationContext [restartedMain] Root WebApplicationContext: initialization completed in 1400 ms
2019-11-13 23:47:16,154 INFO com.zaxxer.hikari.HikariDataSource [restartedMain] HikariPool-2 - Starting...
2019-11-13 23:47:16,183 INFO com.zaxxer.hikari.HikariDataSource [restartedMain] HikariPool-2 - Start completed.
2019-11-13 23:47:16,201 INFO org.hibernate.jpa.internal.util.LogHelper [restartedMain] HHH000204: Processing PersistenceUnitInfo [
	name: default
	...]
2019-11-13 23:47:16,227 INFO org.hibernate.dialect.Dialect [restartedMain] HHH000400: Using dialect: org.hibernate.dialect.MySQL8Dialect
2019-11-13 23:47:16,332 INFO org.springframework.orm.jpa.AbstractEntityManagerFactoryBean [restartedMain] Initialized JPA EntityManagerFactory for persistence unit 'default'
2019-11-13 23:47:16,344 INFO org.springframework.boot.devtools.autoconfigure.OptionalLiveReloadServer [restartedMain] LiveReload server is running on port 35729
2019-11-13 23:47:16,390 WARN org.springframework.boot.autoconfigure.orm.jpa.JpaBaseConfiguration$JpaWebConfiguration$JpaWebMvcConfiguration [restartedMain] spring.jpa.open-in-view is enabled by default. Therefore, database queries may be performed during view rendering. Explicitly configure spring.jpa.open-in-view to disable this warning
2019-11-13 23:47:16,818 INFO org.springframework.boot.autoconfigure.security.servlet.UserDetailsServiceAutoConfiguration [restartedMain] 

Using generated security password: 93f6893c-e5fc-4a8c-ba77-a8e14d407413

2019-11-13 23:47:16,854 INFO org.springframework.security.web.DefaultSecurityFilterChain [restartedMain] Creating filter chain: any request, [org.springframework.security.web.context.request.async.WebAsyncManagerIntegrationFilter@26a3a530, org.springframework.security.web.context.SecurityContextPersistenceFilter@23af5b53, org.springframework.security.web.header.HeaderWriterFilter@6101109a, org.springframework.security.web.csrf.CsrfFilter@45ed68a3, org.springframework.security.web.authentication.logout.LogoutFilter@7f92a41c, org.springframework.security.web.authentication.UsernamePasswordAuthenticationFilter@269db044, org.springframework.security.web.authentication.ui.DefaultLoginPageGeneratingFilter@263e164b, org.springframework.security.web.authentication.ui.DefaultLogoutPageGeneratingFilter@7502e77a, org.springframework.security.web.authentication.www.BasicAuthenticationFilter@58679a01, org.springframework.security.web.savedrequest.RequestCacheAwareFilter@eabdc23, org.springframework.security.web.servletapi.SecurityContextHolderAwareRequestFilter@67c788ac, org.springframework.security.web.authentication.AnonymousAuthenticationFilter@3e56760e, org.springframework.security.web.session.SessionManagementFilter@da98235, org.springframework.security.web.access.ExceptionTranslationFilter@4f3c42bf, org.springframework.security.web.access.intercept.FilterSecurityInterceptor@4853743a]
2019-11-13 23:47:16,932 INFO org.apache.juli.logging.DirectJDKLog [restartedMain] Starting ProtocolHandler ["http-nio-9090"]
2019-11-13 23:47:16,949 INFO org.springframework.boot.web.embedded.tomcat.TomcatWebServer [restartedMain] Tomcat started on port(s): 9090 (http) with context path ''
2019-11-13 23:47:16,951 INFO org.springframework.boot.StartupInfoLogger [restartedMain] Started InventoryManegementApplication in 2.376 seconds (JVM running for 20.294)
2019-11-13 23:47:16,955 INFO org.springframework.boot.devtools.autoconfigure.ConditionEvaluationDeltaLoggingListener [restartedMain] Condition evaluation unchanged
